<?xml version="1.0" encoding="UTF-8"?>
<testng-results skipped="0" failed="0" ignored="0" total="1" passed="1">
  <reporter-output>
  </reporter-output>
  <suite name="Default suite" duration-ms="43" started-at="2018-05-16T02:23:32Z" finished-at="2018-05-16T02:23:32Z">
    <groups>
    </groups>
    <test name="Default test" duration-ms="43" started-at="2018-05-16T02:23:32Z" finished-at="2018-05-16T02:23:32Z">
      <class name="gitJenkinsGP.gitJenkinsAP.gitJenkinsTestNG">
        <test-method status="PASS" signature="functName()[pri:0, instance:gitJenkinsGP.gitJenkinsAP.gitJenkinsTestNG@56dfcb]" name="functName" duration-ms="11" started-at="2018-05-16T07:53:32Z" finished-at="2018-05-16T07:53:32Z">
          <reporter-output>
          </reporter-output>
        </test-method> <!-- functName -->
      </class> <!-- gitJenkinsGP.gitJenkinsAP.gitJenkinsTestNG -->
    </test> <!-- Default test -->
  </suite> <!-- Default suite -->
</testng-results>
